[2022-12-15 06:44:38] local.ERROR: Secret is not set. {"exception":"[object] (Tymon\\JWTAuth\\Exceptions\\JWTException(code: 0): Secret is not set. at C:\\Users\\HES\\Documents\\LAU\\Fall 2022\\Web Programming\\Final Project\\Backend\\vendor\\tymon\\jwt-auth\\src\\Providers\\JWT\\Lcobucci.php:244)
[stacktrace]
#0 C:\\Users\\HES\\Documents\\LAU\\Fall 2022\\Web Programming\\Final Project\\Backend\\vendor\\tymon\\jwt-auth\\src\\Providers\\JWT\\Lcobucci.php(186): Tymon\\JWTAuth\\Providers\\JWT\\Lcobucci->getSigningKey()
#1 C:\\Users\\HES\\Documents\\LAU\\Fall 2022\\Web Programming\\Final Project\\Backend\\vendor\\tymon\\jwt-auth\\src\\Providers\\JWT\\Lcobucci.php(57): Tymon\\JWTAuth\\Providers\\JWT\\Lcobucci->buildConfig()
#2 C:\\Users\\HES\\Documents\\LAU\\Fall 2022\\Web Programming\\Final Project\\Backend\\vendor\\tymon\\jwt-auth\\src\\Providers\\AbstractServiceProvider.php(170): Tymon\\JWTAuth\\Providers\\JWT\\Lcobucci->__construct()
#3 C:\\Users\\HES\\Documents\\LAU\\Fall 2022\\Web Programming\\Final Project\\Backend\\vendor\\laravel\\framework\\src\\Illuminate\\Container\\Container.php(871): Tymon\\JWTAuth\\Providers\\AbstractServiceProvider->Tymon\\JWTAuth\\Providers\\{closure}()
#4 C:\\Users\\HES\\Documents\\LAU\\Fall 2022\\Web Programming\\Final Project\\Backend\\vendor\\laravel\\framework\\src\\Illuminate\\Container\\Container.php(756): Illuminate\\Container\\Container->build()
#5 C:\\Users\\HES\\Documents\\LAU\\Fall 2022\\Web Programming\\Final Project\\Backend\\vendor\\laravel\\framework\\src\\Illuminate\\Foundation\\Application.php(860): Illuminate\\Container\\Container->resolve()
#6 C:\\Users\\HES\\Documents\\LAU\\Fall 2022\\Web Programming\\Final Project\\Backend\\vendor\\laravel\\framework\\src\\Illuminate\\Container\\Container.php(692): Illuminate\\Foundation\\Application->resolve()
#7 C:\\Users\\HES\\Documents\\LAU\\Fall 2022\\Web Programming\\Final Project\\Backend\\vendor\\laravel\\framework\\src\\Illuminate\\Foundation\\Application.php(845): Illuminate\\Container\\Container->make()
#8 C:\\Users\\HES\\Documents\\LAU\\Fall 2022\\Web Programming\\Final Project\\Backend\\vendor\\tymon\\jwt-auth\\src\\Providers\\AbstractServiceProvider.php(367): Illuminate\\Foundation\\Application->make()
#9 C:\\Users\\HES\\Documents\\LAU\\Fall 2022\\Web Programming\\Final Project\\Backend\\vendor\\tymon\\jwt-auth\\src\\Providers\\AbstractServiceProvider.php(138): Tymon\\JWTAuth\\Providers\\AbstractServiceProvider->getConfigInstance()
#10 C:\\Users\\HES\\Documents\\LAU\\Fall 2022\\Web Programming\\Final Project\\Backend\\vendor\\laravel\\framework\\src\\Illuminate\\Container\\Container.php(871): Tymon\\JWTAuth\\Providers\\AbstractServiceProvider->Tymon\\JWTAuth\\Providers\\{closure}()
#11 C:\\Users\\HES\\Documents\\LAU\\Fall 2022\\Web Programming\\Final Project\\Backend\\vendor\\laravel\\framework\\src\\Illuminate\\Container\\Container.php(756): Illuminate\\Container\\Container->build()
#12 C:\\Users\\HES\\Documents\\LAU\\Fall 2022\\Web Programming\\Final Project\\Backend\\vendor\\laravel\\framework\\src\\Illuminate\\Foundation\\Application.php(860): Illuminate\\Container\\Container->resolve()
#13 C:\\Users\\HES\\Documents\\LAU\\Fall 2022\\Web Programming\\Final Project\\Backend\\vendor\\laravel\\framework\\src\\Illuminate\\Container\\Container.php(692): Illuminate\\Foundation\\Application->resolve()
#14 C:\\Users\\HES\\Documents\\LAU\\Fall 2022\\Web Programming\\Final Project\\Backend\\vendor\\laravel\\framework\\src\\Illuminate\\Foundation\\Application.php(845): Illuminate\\Container\\Container->make()
#15 C:\\Users\\HES\\Documents\\LAU\\Fall 2022\\Web Programming\\Final Project\\Backend\\vendor\\laravel\\framework\\src\\Illuminate\\Container\\Container.php(1419): Illuminate\\Foundation\\Application->make()
#16 C:\\Users\\HES\\Documents\\LAU\\Fall 2022\\Web Programming\\Final Project\\Backend\\vendor\\tymon\\jwt-auth\\src\\Providers\\AbstractServiceProvider.php(208): Illuminate\\Container\\Container->offsetGet()
#17 C:\\Users\\HES\\Documents\\LAU\\Fall 2022\\Web Programming\\Final Project\\Backend\\vendor\\laravel\\framework\\src\\Illuminate\\Container\\Container.php(871): Tymon\\JWTAuth\\Providers\\AbstractServiceProvider->Tymon\\JWTAuth\\Providers\\{closure}()
#18 C:\\Users\\HES\\Documents\\LAU\\Fall 2022\\Web Programming\\Final Project\\Backend\\vendor\\laravel\\framework\\src\\Illuminate\\Container\\Container.php(756): Illuminate\\Container\\Container->build()
#19 C:\\Users\\HES\\Documents\\LAU\\Fall 2022\\Web Programming\\Final Project\\Backend\\vendor\\laravel\\framework\\src\\Illuminate\\Foundation\\Application.php(860): Illuminate\\Container\\Container->resolve()
#20 C:\\Users\\HES\\Documents\\LAU\\Fall 2022\\Web Programming\\Final Project\\Backend\\vendor\\laravel\\framework\\src\\Illuminate\\Container\\Container.php(692): Illuminate\\Foundation\\Application->resolve()
#21 C:\\Users\\HES\\Documents\\LAU\\Fall 2022\\Web Programming\\Final Project\\Backend\\vendor\\laravel\\framework\\src\\Illuminate\\Foundation\\Application.php(845): Illuminate\\Container\\Container->make()
#22 C:\\Users\\HES\\Documents\\LAU\\Fall 2022\\Web Programming\\Final Project\\Backend\\vendor\\laravel\\framework\\src\\Illuminate\\Container\\Container.php(1419): Illuminate\\Foundation\\Application->make()
#23 C:\\Users\\HES\\Documents\\LAU\\Fall 2022\\Web Programming\\Final Project\\Backend\\vendor\\tymon\\jwt-auth\\src\\Providers\\AbstractServiceProvider.php(250): Illuminate\\Container\\Container->offsetGet()
#24 C:\\Users\\HES\\Documents\\LAU\\Fall 2022\\Web Programming\\Final Project\\Backend\\vendor\\laravel\\framework\\src\\Illuminate\\Container\\Container.php(871): Tymon\\JWTAuth\\Providers\\AbstractServiceProvider->Tymon\\JWTAuth\\Providers\\{closure}()
#25 C:\\Users\\HES\\Documents\\LAU\\Fall 2022\\Web Programming\\Final Project\\Backend\\vendor\\laravel\\framework\\src\\Illuminate\\Container\\Container.php(756): Illuminate\\Container\\Container->build()
#26 C:\\Users\\HES\\Documents\\LAU\\Fall 2022\\Web Programming\\Final Project\\Backend\\vendor\\laravel\\framework\\src\\Illuminate\\Foundation\\Application.php(860): Illuminate\\Container\\Container->resolve()
#27 C:\\Users\\HES\\Documents\\LAU\\Fall 2022\\Web Programming\\Final Project\\Backend\\vendor\\laravel\\framework\\src\\Illuminate\\Container\\Container.php(692): Illuminate\\Foundation\\Application->resolve()
#28 C:\\Users\\HES\\Documents\\LAU\\Fall 2022\\Web Programming\\Final Project\\Backend\\vendor\\laravel\\framework\\src\\Illuminate\\Foundation\\Application.php(845): Illuminate\\Container\\Container->make()
#29 C:\\Users\\HES\\Documents\\LAU\\Fall 2022\\Web Programming\\Final Project\\Backend\\vendor\\laravel\\framework\\src\\Illuminate\\Container\\Container.php(1419): Illuminate\\Foundation\\Application->make()
#30 C:\\Users\\HES\\Documents\\LAU\\Fall 2022\\Web Programming\\Final Project\\Backend\\vendor\\tymon\\jwt-auth\\src\\Providers\\AbstractServiceProvider.php(96): Illuminate\\Container\\Container->offsetGet()
#31 C:\\Users\\HES\\Documents\\LAU\\Fall 2022\\Web Programming\\Final Project\\Backend\\vendor\\laravel\\framework\\src\\Illuminate\\Auth\\AuthManager.php(109): Tymon\\JWTAuth\\Providers\\AbstractServiceProvider->Tymon\\JWTAuth\\Providers\\{closure}()
#32 C:\\Users\\HES\\Documents\\LAU\\Fall 2022\\Web Programming\\Final Project\\Backend\\vendor\\laravel\\framework\\src\\Illuminate\\Auth\\AuthManager.php(86): Illuminate\\Auth\\AuthManager->callCustomCreator()
#33 C:\\Users\\HES\\Documents\\LAU\\Fall 2022\\Web Programming\\Final Project\\Backend\\vendor\\laravel\\framework\\src\\Illuminate\\Auth\\AuthManager.php(66): Illuminate\\Auth\\AuthManager->resolve()
#34 C:\\Users\\HES\\Documents\\LAU\\Fall 2022\\Web Programming\\Final Project\\Backend\\vendor\\laravel\\framework\\src\\Illuminate\\Auth\\AuthManager.php(53): Illuminate\\Auth\\AuthManager->guard()
#35 [internal function]: Illuminate\\Auth\\AuthManager->Illuminate\\Auth\\{closure}()
#36 C:\\Users\\HES\\Documents\\LAU\\Fall 2022\\Web Programming\\Final Project\\Backend\\vendor\\laravel\\framework\\src\\Illuminate\\Auth\\AuthServiceProvider.php(89): call_user_func()
#37 [internal function]: Illuminate\\Auth\\AuthServiceProvider->Illuminate\\Auth\\{closure}()
#38 C:\\Users\\HES\\Documents\\LAU\\Fall 2022\\Web Programming\\Final Project\\Backend\\vendor\\laravel\\framework\\src\\Illuminate\\Http\\Request.php(606): call_user_func()
#39 C:\\Users\\HES\\Documents\\LAU\\Fall 2022\\Web Programming\\Final Project\\Backend\\app\\Providers\\RouteServiceProvider.php(49): Illuminate\\Http\\Request->user()
#40 C:\\Users\\HES\\Documents\\LAU\\Fall 2022\\Web Programming\\Final Project\\Backend\\vendor\\laravel\\framework\\src\\Illuminate\\Routing\\Middleware\\ThrottleRequests.php(84): App\\Providers\\RouteServiceProvider->App\\Providers\\{closure}()
#41 C:\\Users\\HES\\Documents\\LAU\\Fall 2022\\Web Programming\\Final Project\\Backend\\vendor\\laravel\\framework\\src\\Illuminate\\Routing\\Middleware\\ThrottleRequests.php(54): Illuminate\\Routing\\Middleware\\ThrottleRequests->handleRequestUsingNamedLimiter()
#42 C:\\Users\\HES\\Documents\\LAU\\Fall 2022\\Web Programming\\Final Project\\Backend\\vendor\\laravel\\framework\\src\\Illuminate\\Pipeline\\Pipeline.php(180): Illuminate\\Routing\\Middleware\\ThrottleRequests->handle()
#43 C:\\Users\\HES\\Documents\\LAU\\Fall 2022\\Web Programming\\Final Project\\Backend\\vendor\\laravel\\framework\\src\\Illuminate\\Pipeline\\Pipeline.php(116): Illuminate\\Pipeline\\Pipeline->Illuminate\\Pipeline\\{closure}()
#44 C:\\Users\\HES\\Documents\\LAU\\Fall 2022\\Web Programming\\Final Project\\Backend\\vendor\\laravel\\framework\\src\\Illuminate\\Routing\\Router.php(799): Illuminate\\Pipeline\\Pipeline->then()
#45 C:\\Users\\HES\\Documents\\LAU\\Fall 2022\\Web Programming\\Final Project\\Backend\\vendor\\laravel\\framework\\src\\Illuminate\\Routing\\Router.php(776): Illuminate\\Routing\\Router->runRouteWithinStack()
#46 C:\\Users\\HES\\Documents\\LAU\\Fall 2022\\Web Programming\\Final Project\\Backend\\vendor\\laravel\\framework\\src\\Illuminate\\Routing\\Router.php(740): Illuminate\\Routing\\Router->runRoute()
#47 C:\\Users\\HES\\Documents\\LAU\\Fall 2022\\Web Programming\\Final Project\\Backend\\vendor\\laravel\\framework\\src\\Illuminate\\Routing\\Router.php(729): Illuminate\\Routing\\Router->dispatchToRoute()
#48 C:\\Users\\HES\\Documents\\LAU\\Fall 2022\\Web Programming\\Final Project\\Backend\\vendor\\laravel\\framework\\src\\Illuminate\\Foundation\\Http\\Kernel.php(190): Illuminate\\Routing\\Router->dispatch()
#49 C:\\Users\\HES\\Documents\\LAU\\Fall 2022\\Web Programming\\Final Project\\Backend\\vendor\\laravel\\framework\\src\\Illuminate\\Pipeline\\Pipeline.php(141): Illuminate\\Foundation\\Http\\Kernel->Illuminate\\Foundation\\Http\\{closure}()
#50 C:\\Users\\HES\\Documents\\LAU\\Fall 2022\\Web Programming\\Final Project\\Backend\\vendor\\laravel\\framework\\src\\Illuminate\\Foundation\\Http\\Middleware\\TransformsRequest.php(21): Illuminate\\Pipeline\\Pipeline->Illuminate\\Pipeline\\{closure}()
#51 C:\\Users\\HES\\Documents\\LAU\\Fall 2022\\Web Programming\\Final Project\\Backend\\vendor\\laravel\\framework\\src\\Illuminate\\Foundation\\Http\\Middleware\\ConvertEmptyStringsToNull.php(31): Illuminate\\Foundation\\Http\\Middleware\\TransformsRequest->handle()
#52 C:\\Users\\HES\\Documents\\LAU\\Fall 2022\\Web Programming\\Final Project\\Backend\\vendor\\laravel\\framework\\src\\Illuminate\\Pipeline\\Pipeline.php(180): Illuminate\\Foundation\\Http\\Middleware\\ConvertEmptyStringsToNull->handle()
#53 C:\\Users\\HES\\Documents\\LAU\\Fall 2022\\Web Programming\\Final Project\\Backend\\vendor\\laravel\\framework\\src\\Illuminate\\Foundation\\Http\\Middleware\\TransformsRequest.php(21): Illuminate\\Pipeline\\Pipeline->Illuminate\\Pipeline\\{closure}()
#54 C:\\Users\\HES\\Documents\\LAU\\Fall 2022\\Web Programming\\Final Project\\Backend\\vendor\\laravel\\framework\\src\\Illuminate\\Foundation\\Http\\Middleware\\TrimStrings.php(40): Illuminate\\Foundation\\Http\\Middleware\\TransformsRequest->handle()
#55 C:\\Users\\HES\\Documents\\LAU\\Fall 2022\\Web Programming\\Final Project\\Backend\\vendor\\laravel\\framework\\src\\Illuminate\\Pipeline\\Pipeline.php(180): Illuminate\\Foundation\\Http\\Middleware\\TrimStrings->handle()
#56 C:\\Users\\HES\\Documents\\LAU\\Fall 2022\\Web Programming\\Final Project\\Backend\\vendor\\laravel\\framework\\src\\Illuminate\\Foundation\\Http\\Middleware\\ValidatePostSize.php(27): Illuminate\\Pipeline\\Pipeline->Illuminate\\Pipeline\\{closure}()
#57 C:\\Users\\HES\\Documents\\LAU\\Fall 2022\\Web Programming\\Final Project\\Backend\\vendor\\laravel\\framework\\src\\Illuminate\\Pipeline\\Pipeline.php(180): Illuminate\\Foundation\\Http\\Middleware\\ValidatePostSize->handle()
#58 C:\\Users\\HES\\Documents\\LAU\\Fall 2022\\Web Programming\\Final Project\\Backend\\vendor\\laravel\\framework\\src\\Illuminate\\Foundation\\Http\\Middleware\\PreventRequestsDuringMaintenance.php(86): Illuminate\\Pipeline\\Pipeline->Illuminate\\Pipeline\\{closure}()
#59 C:\\Users\\HES\\Documents\\LAU\\Fall 2022\\Web Programming\\Final Project\\Backend\\vendor\\laravel\\framework\\src\\Illuminate\\Pipeline\\Pipeline.php(180): Illuminate\\Foundation\\Http\\Middleware\\PreventRequestsDuringMaintenance->handle()
#60 C:\\Users\\HES\\Documents\\LAU\\Fall 2022\\Web Programming\\Final Project\\Backend\\vendor\\laravel\\framework\\src\\Illuminate\\Http\\Middleware\\HandleCors.php(62): Illuminate\\Pipeline\\Pipeline->Illuminate\\Pipeline\\{closure}()
#61 C:\\Users\\HES\\Documents\\LAU\\Fall 2022\\Web Programming\\Final Project\\Backend\\vendor\\laravel\\framework\\src\\Illuminate\\Pipeline\\Pipeline.php(180): Illuminate\\Http\\Middleware\\HandleCors->handle()
#62 C:\\Users\\HES\\Documents\\LAU\\Fall 2022\\Web Programming\\Final Project\\Backend\\vendor\\laravel\\framework\\src\\Illuminate\\Http\\Middleware\\TrustProxies.php(39): Illuminate\\Pipeline\\Pipeline->Illuminate\\Pipeline\\{closure}()
#63 C:\\Users\\HES\\Documents\\LAU\\Fall 2022\\Web Programming\\Final Project\\Backend\\vendor\\laravel\\framework\\src\\Illuminate\\Pipeline\\Pipeline.php(180): Illuminate\\Http\\Middleware\\TrustProxies->handle()
#64 C:\\Users\\HES\\Documents\\LAU\\Fall 2022\\Web Programming\\Final Project\\Backend\\vendor\\laravel\\framework\\src\\Illuminate\\Pipeline\\Pipeline.php(116): Illuminate\\Pipeline\\Pipeline->Illuminate\\Pipeline\\{closure}()
#65 C:\\Users\\HES\\Documents\\LAU\\Fall 2022\\Web Programming\\Final Project\\Backend\\vendor\\laravel\\framework\\src\\Illuminate\\Foundation\\Http\\Kernel.php(165): Illuminate\\Pipeline\\Pipeline->then()
#66 C:\\Users\\HES\\Documents\\LAU\\Fall 2022\\Web Programming\\Final Project\\Backend\\vendor\\laravel\\framework\\src\\Illuminate\\Foundation\\Http\\Kernel.php(134): Illuminate\\Foundation\\Http\\Kernel->sendRequestThroughRouter()
#67 C:\\Users\\HES\\Documents\\LAU\\Fall 2022\\Web Programming\\Final Project\\Backend\\public\\index.php(52): Illuminate\\Foundation\\Http\\Kernel->handle()
#68 C:\\Users\\HES\\Documents\\LAU\\Fall 2022\\Web Programming\\Final Project\\Backend\\vendor\\laravel\\framework\\src\\Illuminate\\Foundation\\resources\\server.php(16): require_once('...')
#69 {main}
"} 
[2022-12-15 06:44:40] local.ERROR: Secret is not set. {"exception":"[object] (Tymon\\JWTAuth\\Exceptions\\JWTException(code: 0): Secret is not set. at C:\\Users\\HES\\Documents\\LAU\\Fall 2022\\Web Programming\\Final Project\\Backend\\vendor\\tymon\\jwt-auth\\src\\Providers\\JWT\\Lcobucci.php:244)
[stacktrace]
#0 C:\\Users\\HES\\Documents\\LAU\\Fall 2022\\Web Programming\\Final Project\\Backend\\vendor\\tymon\\jwt-auth\\src\\Providers\\JWT\\Lcobucci.php(186): Tymon\\JWTAuth\\Providers\\JWT\\Lcobucci->getSigningKey()
#1 C:\\Users\\HES\\Documents\\LAU\\Fall 2022\\Web Programming\\Final Project\\Backend\\vendor\\tymon\\jwt-auth\\src\\Providers\\JWT\\Lcobucci.php(57): Tymon\\JWTAuth\\Providers\\JWT\\Lcobucci->buildConfig()
#2 C:\\Users\\HES\\Documents\\LAU\\Fall 2022\\Web Programming\\Final Project\\Backend\\vendor\\tymon\\jwt-auth\\src\\Providers\\AbstractServiceProvider.php(170): Tymon\\JWTAuth\\Providers\\JWT\\Lcobucci->__construct()
#3 C:\\Users\\HES\\Documents\\LAU\\Fall 2022\\Web Programming\\Final Project\\Backend\\vendor\\laravel\\framework\\src\\Illuminate\\Container\\Container.php(871): Tymon\\JWTAuth\\Providers\\AbstractServiceProvider->Tymon\\JWTAuth\\Providers\\{closure}()
#4 C:\\Users\\HES\\Documents\\LAU\\Fall 2022\\Web Programming\\Final Project\\Backend\\vendor\\laravel\\framework\\src\\Illuminate\\Container\\Container.php(756): Illuminate\\Container\\Container->build()
#5 C:\\Users\\HES\\Documents\\LAU\\Fall 2022\\Web Programming\\Final Project\\Backend\\vendor\\laravel\\framework\\src\\Illuminate\\Foundation\\Application.php(860): Illuminate\\Container\\Container->resolve()
#6 C:\\Users\\HES\\Documents\\LAU\\Fall 2022\\Web Programming\\Final Project\\Backend\\vendor\\laravel\\framework\\src\\Illuminate\\Container\\Container.php(692): Illuminate\\Foundation\\Application->resolve()
#7 C:\\Users\\HES\\Documents\\LAU\\Fall 2022\\Web Programming\\Final Project\\Backend\\vendor\\laravel\\framework\\src\\Illuminate\\Foundation\\Application.php(845): Illuminate\\Container\\Container->make()
#8 C:\\Users\\HES\\Documents\\LAU\\Fall 2022\\Web Programming\\Final Project\\Backend\\vendor\\tymon\\jwt-auth\\src\\Providers\\AbstractServiceProvider.php(367): Illuminate\\Foundation\\Application->make()
#9 C:\\Users\\HES\\Documents\\LAU\\Fall 2022\\Web Programming\\Final Project\\Backend\\vendor\\tymon\\jwt-auth\\src\\Providers\\AbstractServiceProvider.php(138): Tymon\\JWTAuth\\Providers\\AbstractServiceProvider->getConfigInstance()
#10 C:\\Users\\HES\\Documents\\LAU\\Fall 2022\\Web Programming\\Final Project\\Backend\\vendor\\laravel\\framework\\src\\Illuminate\\Container\\Container.php(871): Tymon\\JWTAuth\\Providers\\AbstractServiceProvider->Tymon\\JWTAuth\\Providers\\{closure}()
#11 C:\\Users\\HES\\Documents\\LAU\\Fall 2022\\Web Programming\\Final Project\\Backend\\vendor\\laravel\\framework\\src\\Illuminate\\Container\\Container.php(756): Illuminate\\Container\\Container->build()
#12 C:\\Users\\HES\\Documents\\LAU\\Fall 2022\\Web Programming\\Final Project\\Backend\\vendor\\laravel\\framework\\src\\Illuminate\\Foundation\\Application.php(860): Illuminate\\Container\\Container->resolve()
#13 C:\\Users\\HES\\Documents\\LAU\\Fall 2022\\Web Programming\\Final Project\\Backend\\vendor\\laravel\\framework\\src\\Illuminate\\Container\\Container.php(692): Illuminate\\Foundation\\Application->resolve()
#14 C:\\Users\\HES\\Documents\\LAU\\Fall 2022\\Web Programming\\Final Project\\Backend\\vendor\\laravel\\framework\\src\\Illuminate\\Foundation\\Application.php(845): Illuminate\\Container\\Container->make()
#15 C:\\Users\\HES\\Documents\\LAU\\Fall 2022\\Web Programming\\Final Project\\Backend\\vendor\\laravel\\framework\\src\\Illuminate\\Container\\Container.php(1419): Illuminate\\Foundation\\Application->make()
#16 C:\\Users\\HES\\Documents\\LAU\\Fall 2022\\Web Programming\\Final Project\\Backend\\vendor\\tymon\\jwt-auth\\src\\Providers\\AbstractServiceProvider.php(208): Illuminate\\Container\\Container->offsetGet()
#17 C:\\Users\\HES\\Documents\\LAU\\Fall 2022\\Web Programming\\Final Project\\Backend\\vendor\\laravel\\framework\\src\\Illuminate\\Container\\Container.php(871): Tymon\\JWTAuth\\Providers\\AbstractServiceProvider->Tymon\\JWTAuth\\Providers\\{closure}()
#18 C:\\Users\\HES\\Documents\\LAU\\Fall 2022\\Web Programming\\Final Project\\Backend\\vendor\\laravel\\framework\\src\\Illuminate\\Container\\Container.php(756): Illuminate\\Container\\Container->build()
#19 C:\\Users\\HES\\Documents\\LAU\\Fall 2022\\Web Programming\\Final Project\\Backend\\vendor\\laravel\\framework\\src\\Illuminate\\Foundation\\Application.php(860): Illuminate\\Container\\Container->resolve()
#20 C:\\Users\\HES\\Documents\\LAU\\Fall 2022\\Web Programming\\Final Project\\Backend\\vendor\\laravel\\framework\\src\\Illuminate\\Container\\Container.php(692): Illuminate\\Foundation\\Application->resolve()
#21 C:\\Users\\HES\\Documents\\LAU\\Fall 2022\\Web Programming\\Final Project\\Backend\\vendor\\laravel\\framework\\src\\Illuminate\\Foundation\\Application.php(845): Illuminate\\Container\\Container->make()
#22 C:\\Users\\HES\\Documents\\LAU\\Fall 2022\\Web Programming\\Final Project\\Backend\\vendor\\laravel\\framework\\src\\Illuminate\\Container\\Container.php(1419): Illuminate\\Foundation\\Application->make()
#23 C:\\Users\\HES\\Documents\\LAU\\Fall 2022\\Web Programming\\Final Project\\Backend\\vendor\\tymon\\jwt-auth\\src\\Providers\\AbstractServiceProvider.php(250): Illuminate\\Container\\Container->offsetGet()
#24 C:\\Users\\HES\\Documents\\LAU\\Fall 2022\\Web Programming\\Final Project\\Backend\\vendor\\laravel\\framework\\src\\Illuminate\\Container\\Container.php(871): Tymon\\JWTAuth\\Providers\\AbstractServiceProvider->Tymon\\JWTAuth\\Providers\\{closure}()
#25 C:\\Users\\HES\\Documents\\LAU\\Fall 2022\\Web Programming\\Final Project\\Backend\\vendor\\laravel\\framework\\src\\Illuminate\\Container\\Container.php(756): Illuminate\\Container\\Container->build()
#26 C:\\Users\\HES\\Documents\\LAU\\Fall 2022\\Web Programming\\Final Project\\Backend\\vendor\\laravel\\framework\\src\\Illuminate\\Foundation\\Application.php(860): Illuminate\\Container\\Container->resolve()
#27 C:\\Users\\HES\\Documents\\LAU\\Fall 2022\\Web Programming\\Final Project\\Backend\\vendor\\laravel\\framework\\src\\Illuminate\\Container\\Container.php(692): Illuminate\\Foundation\\Application->resolve()
#28 C:\\Users\\HES\\Documents\\LAU\\Fall 2022\\Web Programming\\Final Project\\Backend\\vendor\\laravel\\framework\\src\\Illuminate\\Foundation\\Application.php(845): Illuminate\\Container\\Container->make()
#29 C:\\Users\\HES\\Documents\\LAU\\Fall 2022\\Web Programming\\Final Project\\Backend\\vendor\\laravel\\framework\\src\\Illuminate\\Container\\Container.php(1419): Illuminate\\Foundation\\Application->make()
#30 C:\\Users\\HES\\Documents\\LAU\\Fall 2022\\Web Programming\\Final Project\\Backend\\vendor\\tymon\\jwt-auth\\src\\Providers\\AbstractServiceProvider.php(96): Illuminate\\Container\\Container->offsetGet()
#31 C:\\Users\\HES\\Documents\\LAU\\Fall 2022\\Web Programming\\Final Project\\Backend\\vendor\\laravel\\framework\\src\\Illuminate\\Auth\\AuthManager.php(109): Tymon\\JWTAuth\\Providers\\AbstractServiceProvider->Tymon\\JWTAuth\\Providers\\{closure}()
#32 C:\\Users\\HES\\Documents\\LAU\\Fall 2022\\Web Programming\\Final Project\\Backend\\vendor\\laravel\\framework\\src\\Illuminate\\Auth\\AuthManager.php(86): Illuminate\\Auth\\AuthManager->callCustomCreator()
#33 C:\\Users\\HES\\Documents\\LAU\\Fall 2022\\Web Programming\\Final Project\\Backend\\vendor\\laravel\\framework\\src\\Illuminate\\Auth\\AuthManager.php(66): Illuminate\\Auth\\AuthManager->resolve()
#34 C:\\Users\\HES\\Documents\\LAU\\Fall 2022\\Web Programming\\Final Project\\Backend\\vendor\\laravel\\framework\\src\\Illuminate\\Auth\\AuthManager.php(53): Illuminate\\Auth\\AuthManager->guard()
#35 [internal function]: Illuminate\\Auth\\AuthManager->Illuminate\\Auth\\{closure}()
#36 C:\\Users\\HES\\Documents\\LAU\\Fall 2022\\Web Programming\\Final Project\\Backend\\vendor\\laravel\\framework\\src\\Illuminate\\Auth\\AuthServiceProvider.php(89): call_user_func()
#37 [internal function]: Illuminate\\Auth\\AuthServiceProvider->Illuminate\\Auth\\{closure}()
#38 C:\\Users\\HES\\Documents\\LAU\\Fall 2022\\Web Programming\\Final Project\\Backend\\vendor\\laravel\\framework\\src\\Illuminate\\Http\\Request.php(606): call_user_func()
#39 C:\\Users\\HES\\Documents\\LAU\\Fall 2022\\Web Programming\\Final Project\\Backend\\app\\Providers\\RouteServiceProvider.php(49): Illuminate\\Http\\Request->user()
#40 C:\\Users\\HES\\Documents\\LAU\\Fall 2022\\Web Programming\\Final Project\\Backend\\vendor\\laravel\\framework\\src\\Illuminate\\Routing\\Middleware\\ThrottleRequests.php(84): App\\Providers\\RouteServiceProvider->App\\Providers\\{closure}()
#41 C:\\Users\\HES\\Documents\\LAU\\Fall 2022\\Web Programming\\Final Project\\Backend\\vendor\\laravel\\framework\\src\\Illuminate\\Routing\\Middleware\\ThrottleRequests.php(54): Illuminate\\Routing\\Middleware\\ThrottleRequests->handleRequestUsingNamedLimiter()
#42 C:\\Users\\HES\\Documents\\LAU\\Fall 2022\\Web Programming\\Final Project\\Backend\\vendor\\laravel\\framework\\src\\Illuminate\\Pipeline\\Pipeline.php(180): Illuminate\\Routing\\Middleware\\ThrottleRequests->handle()
#43 C:\\Users\\HES\\Documents\\LAU\\Fall 2022\\Web Programming\\Final Project\\Backend\\vendor\\laravel\\framework\\src\\Illuminate\\Pipeline\\Pipeline.php(116): Illuminate\\Pipeline\\Pipeline->Illuminate\\Pipeline\\{closure}()
#44 C:\\Users\\HES\\Documents\\LAU\\Fall 2022\\Web Programming\\Final Project\\Backend\\vendor\\laravel\\framework\\src\\Illuminate\\Routing\\Router.php(799): Illuminate\\Pipeline\\Pipeline->then()
#45 C:\\Users\\HES\\Documents\\LAU\\Fall 2022\\Web Programming\\Final Project\\Backend\\vendor\\laravel\\framework\\src\\Illuminate\\Routing\\Router.php(776): Illuminate\\Routing\\Router->runRouteWithinStack()
#46 C:\\Users\\HES\\Documents\\LAU\\Fall 2022\\Web Programming\\Final Project\\Backend\\vendor\\laravel\\framework\\src\\Illuminate\\Routing\\Router.php(740): Illuminate\\Routing\\Router->runRoute()
#47 C:\\Users\\HES\\Documents\\LAU\\Fall 2022\\Web Programming\\Final Project\\Backend\\vendor\\laravel\\framework\\src\\Illuminate\\Routing\\Router.php(729): Illuminate\\Routing\\Router->dispatchToRoute()
#48 C:\\Users\\HES\\Documents\\LAU\\Fall 2022\\Web Programming\\Final Project\\Backend\\vendor\\laravel\\framework\\src\\Illuminate\\Foundation\\Http\\Kernel.php(190): Illuminate\\Routing\\Router->dispatch()
#49 C:\\Users\\HES\\Documents\\LAU\\Fall 2022\\Web Programming\\Final Project\\Backend\\vendor\\laravel\\framework\\src\\Illuminate\\Pipeline\\Pipeline.php(141): Illuminate\\Foundation\\Http\\Kernel->Illuminate\\Foundation\\Http\\{closure}()
#50 C:\\Users\\HES\\Documents\\LAU\\Fall 2022\\Web Programming\\Final Project\\Backend\\vendor\\laravel\\framework\\src\\Illuminate\\Foundation\\Http\\Middleware\\TransformsRequest.php(21): Illuminate\\Pipeline\\Pipeline->Illuminate\\Pipeline\\{closure}()
#51 C:\\Users\\HES\\Documents\\LAU\\Fall 2022\\Web Programming\\Final Project\\Backend\\vendor\\laravel\\framework\\src\\Illuminate\\Foundation\\Http\\Middleware\\ConvertEmptyStringsToNull.php(31): Illuminate\\Foundation\\Http\\Middleware\\TransformsRequest->handle()
#52 C:\\Users\\HES\\Documents\\LAU\\Fall 2022\\Web Programming\\Final Project\\Backend\\vendor\\laravel\\framework\\src\\Illuminate\\Pipeline\\Pipeline.php(180): Illuminate\\Foundation\\Http\\Middleware\\ConvertEmptyStringsToNull->handle()
#53 C:\\Users\\HES\\Documents\\LAU\\Fall 2022\\Web Programming\\Final Project\\Backend\\vendor\\laravel\\framework\\src\\Illuminate\\Foundation\\Http\\Middleware\\TransformsRequest.php(21): Illuminate\\Pipeline\\Pipeline->Illuminate\\Pipeline\\{closure}()
#54 C:\\Users\\HES\\Documents\\LAU\\Fall 2022\\Web Programming\\Final Project\\Backend\\vendor\\laravel\\framework\\src\\Illuminate\\Foundation\\Http\\Middleware\\TrimStrings.php(40): Illuminate\\Foundation\\Http\\Middleware\\TransformsRequest->handle()
#55 C:\\Users\\HES\\Documents\\LAU\\Fall 2022\\Web Programming\\Final Project\\Backend\\vendor\\laravel\\framework\\src\\Illuminate\\Pipeline\\Pipeline.php(180): Illuminate\\Foundation\\Http\\Middleware\\TrimStrings->handle()
#56 C:\\Users\\HES\\Documents\\LAU\\Fall 2022\\Web Programming\\Final Project\\Backend\\vendor\\laravel\\framework\\src\\Illuminate\\Foundation\\Http\\Middleware\\ValidatePostSize.php(27): Illuminate\\Pipeline\\Pipeline->Illuminate\\Pipeline\\{closure}()
#57 C:\\Users\\HES\\Documents\\LAU\\Fall 2022\\Web Programming\\Final Project\\Backend\\vendor\\laravel\\framework\\src\\Illuminate\\Pipeline\\Pipeline.php(180): Illuminate\\Foundation\\Http\\Middleware\\ValidatePostSize->handle()
#58 C:\\Users\\HES\\Documents\\LAU\\Fall 2022\\Web Programming\\Final Project\\Backend\\vendor\\laravel\\framework\\src\\Illuminate\\Foundation\\Http\\Middleware\\PreventRequestsDuringMaintenance.php(86): Illuminate\\Pipeline\\Pipeline->Illuminate\\Pipeline\\{closure}()
#59 C:\\Users\\HES\\Documents\\LAU\\Fall 2022\\Web Programming\\Final Project\\Backend\\vendor\\laravel\\framework\\src\\Illuminate\\Pipeline\\Pipeline.php(180): Illuminate\\Foundation\\Http\\Middleware\\PreventRequestsDuringMaintenance->handle()
#60 C:\\Users\\HES\\Documents\\LAU\\Fall 2022\\Web Programming\\Final Project\\Backend\\vendor\\laravel\\framework\\src\\Illuminate\\Http\\Middleware\\HandleCors.php(62): Illuminate\\Pipeline\\Pipeline->Illuminate\\Pipeline\\{closure}()
#61 C:\\Users\\HES\\Documents\\LAU\\Fall 2022\\Web Programming\\Final Project\\Backend\\vendor\\laravel\\framework\\src\\Illuminate\\Pipeline\\Pipeline.php(180): Illuminate\\Http\\Middleware\\HandleCors->handle()
#62 C:\\Users\\HES\\Documents\\LAU\\Fall 2022\\Web Programming\\Final Project\\Backend\\vendor\\laravel\\framework\\src\\Illuminate\\Http\\Middleware\\TrustProxies.php(39): Illuminate\\Pipeline\\Pipeline->Illuminate\\Pipeline\\{closure}()
#63 C:\\Users\\HES\\Documents\\LAU\\Fall 2022\\Web Programming\\Final Project\\Backend\\vendor\\laravel\\framework\\src\\Illuminate\\Pipeline\\Pipeline.php(180): Illuminate\\Http\\Middleware\\TrustProxies->handle()
#64 C:\\Users\\HES\\Documents\\LAU\\Fall 2022\\Web Programming\\Final Project\\Backend\\vendor\\laravel\\framework\\src\\Illuminate\\Pipeline\\Pipeline.php(116): Illuminate\\Pipeline\\Pipeline->Illuminate\\Pipeline\\{closure}()
#65 C:\\Users\\HES\\Documents\\LAU\\Fall 2022\\Web Programming\\Final Project\\Backend\\vendor\\laravel\\framework\\src\\Illuminate\\Foundation\\Http\\Kernel.php(165): Illuminate\\Pipeline\\Pipeline->then()
#66 C:\\Users\\HES\\Documents\\LAU\\Fall 2022\\Web Programming\\Final Project\\Backend\\vendor\\laravel\\framework\\src\\Illuminate\\Foundation\\Http\\Kernel.php(134): Illuminate\\Foundation\\Http\\Kernel->sendRequestThroughRouter()
#67 C:\\Users\\HES\\Documents\\LAU\\Fall 2022\\Web Programming\\Final Project\\Backend\\public\\index.php(52): Illuminate\\Foundation\\Http\\Kernel->handle()
#68 C:\\Users\\HES\\Documents\\LAU\\Fall 2022\\Web Programming\\Final Project\\Backend\\vendor\\laravel\\framework\\src\\Illuminate\\Foundation\\resources\\server.php(16): require_once('...')
#69 {main}
"} 
[2022-12-15 06:44:41] local.ERROR: Secret is not set. {"exception":"[object] (Tymon\\JWTAuth\\Exceptions\\JWTException(code: 0): Secret is not set. at C:\\Users\\HES\\Documents\\LAU\\Fall 2022\\Web Programming\\Final Project\\Backend\\vendor\\tymon\\jwt-auth\\src\\Providers\\JWT\\Lcobucci.php:244)
[stacktrace]
#0 C:\\Users\\HES\\Documents\\LAU\\Fall 2022\\Web Programming\\Final Project\\Backend\\vendor\\tymon\\jwt-auth\\src\\Providers\\JWT\\Lcobucci.php(186): Tymon\\JWTAuth\\Providers\\JWT\\Lcobucci->getSigningKey()
#1 C:\\Users\\HES\\Documents\\LAU\\Fall 2022\\Web Programming\\Final Project\\Backend\\vendor\\tymon\\jwt-auth\\src\\Providers\\JWT\\Lcobucci.php(57): Tymon\\JWTAuth\\Providers\\JWT\\Lcobucci->buildConfig()
#2 C:\\Users\\HES\\Documents\\LAU\\Fall 2022\\Web Programming\\Final Project\\Backend\\vendor\\tymon\\jwt-auth\\src\\Providers\\AbstractServiceProvider.php(170): Tymon\\JWTAuth\\Providers\\JWT\\Lcobucci->__construct()
#3 C:\\Users\\HES\\Documents\\LAU\\Fall 2022\\Web Programming\\Final Project\\Backend\\vendor\\laravel\\framework\\src\\Illuminate\\Container\\Container.php(871): Tymon\\JWTAuth\\Providers\\AbstractServiceProvider->Tymon\\JWTAuth\\Providers\\{closure}()
#4 C:\\Users\\HES\\Documents\\LAU\\Fall 2022\\Web Programming\\Final Project\\Backend\\vendor\\laravel\\framework\\src\\Illuminate\\Container\\Container.php(756): Illuminate\\Container\\Container->build()
#5 C:\\Users\\HES\\Documents\\LAU\\Fall 2022\\Web Programming\\Final Project\\Backend\\vendor\\laravel\\framework\\src\\Illuminate\\Foundation\\Application.php(860): Illuminate\\Container\\Container->resolve()
#6 C:\\Users\\HES\\Documents\\LAU\\Fall 2022\\Web Programming\\Final Project\\Backend\\vendor\\laravel\\framework\\src\\Illuminate\\Container\\Container.php(692): Illuminate\\Foundation\\Application->resolve()
#7 C:\\Users\\HES\\Documents\\LAU\\Fall 2022\\Web Programming\\Final Project\\Backend\\vendor\\laravel\\framework\\src\\Illuminate\\Foundation\\Application.php(845): Illuminate\\Container\\Container->make()
#8 C:\\Users\\HES\\Documents\\LAU\\Fall 2022\\Web Programming\\Final Project\\Backend\\vendor\\tymon\\jwt-auth\\src\\Providers\\AbstractServiceProvider.php(367): Illuminate\\Foundation\\Application->make()
#9 C:\\Users\\HES\\Documents\\LAU\\Fall 2022\\Web Programming\\Final Project\\Backend\\vendor\\tymon\\jwt-auth\\src\\Providers\\AbstractServiceProvider.php(138): Tymon\\JWTAuth\\Providers\\AbstractServiceProvider->getConfigInstance()
#10 C:\\Users\\HES\\Documents\\LAU\\Fall 2022\\Web Programming\\Final Project\\Backend\\vendor\\laravel\\framework\\src\\Illuminate\\Container\\Container.php(871): Tymon\\JWTAuth\\Providers\\AbstractServiceProvider->Tymon\\JWTAuth\\Providers\\{closure}()
#11 C:\\Users\\HES\\Documents\\LAU\\Fall 2022\\Web Programming\\Final Project\\Backend\\vendor\\laravel\\framework\\src\\Illuminate\\Container\\Container.php(756): Illuminate\\Container\\Container->build()
#12 C:\\Users\\HES\\Documents\\LAU\\Fall 2022\\Web Programming\\Final Project\\Backend\\vendor\\laravel\\framework\\src\\Illuminate\\Foundation\\Application.php(860): Illuminate\\Container\\Container->resolve()
#13 C:\\Users\\HES\\Documents\\LAU\\Fall 2022\\Web Programming\\Final Project\\Backend\\vendor\\laravel\\framework\\src\\Illuminate\\Container\\Container.php(692): Illuminate\\Foundation\\Application->resolve()
#14 C:\\Users\\HES\\Documents\\LAU\\Fall 2022\\Web Programming\\Final Project\\Backend\\vendor\\laravel\\framework\\src\\Illuminate\\Foundation\\Application.php(845): Illuminate\\Container\\Container->make()
#15 C:\\Users\\HES\\Documents\\LAU\\Fall 2022\\Web Programming\\Final Project\\Backend\\vendor\\laravel\\framework\\src\\Illuminate\\Container\\Container.php(1419): Illuminate\\Foundation\\Application->make()
#16 C:\\Users\\HES\\Documents\\LAU\\Fall 2022\\Web Programming\\Final Project\\Backend\\vendor\\tymon\\jwt-auth\\src\\Providers\\AbstractServiceProvider.php(208): Illuminate\\Container\\Container->offsetGet()
#17 C:\\Users\\HES\\Documents\\LAU\\Fall 2022\\Web Programming\\Final Project\\Backend\\vendor\\laravel\\framework\\src\\Illuminate\\Container\\Container.php(871): Tymon\\JWTAuth\\Providers\\AbstractServiceProvider->Tymon\\JWTAuth\\Providers\\{closure}()
#18 C:\\Users\\HES\\Documents\\LAU\\Fall 2022\\Web Programming\\Final Project\\Backend\\vendor\\laravel\\framework\\src\\Illuminate\\Container\\Container.php(756): Illuminate\\Container\\Container->build()
#19 C:\\Users\\HES\\Documents\\LAU\\Fall 2022\\Web Programming\\Final Project\\Backend\\vendor\\laravel\\framework\\src\\Illuminate\\Foundation\\Application.php(860): Illuminate\\Container\\Container->resolve()
#20 C:\\Users\\HES\\Documents\\LAU\\Fall 2022\\Web Programming\\Final Project\\Backend\\vendor\\laravel\\framework\\src\\Illuminate\\Container\\Container.php(692): Illuminate\\Foundation\\Application->resolve()
#21 C:\\Users\\HES\\Documents\\LAU\\Fall 2022\\Web Programming\\Final Project\\Backend\\vendor\\laravel\\framework\\src\\Illuminate\\Foundation\\Application.php(845): Illuminate\\Container\\Container->make()
#22 C:\\Users\\HES\\Documents\\LAU\\Fall 2022\\Web Programming\\Final Project\\Backend\\vendor\\laravel\\framework\\src\\Illuminate\\Container\\Container.php(1419): Illuminate\\Foundation\\Application->make()
#23 C:\\Users\\HES\\Documents\\LAU\\Fall 2022\\Web Programming\\Final Project\\Backend\\vendor\\tymon\\jwt-auth\\src\\Providers\\AbstractServiceProvider.php(250): Illuminate\\Container\\Container->offsetGet()
#24 C:\\Users\\HES\\Documents\\LAU\\Fall 2022\\Web Programming\\Final Project\\Backend\\vendor\\laravel\\framework\\src\\Illuminate\\Container\\Container.php(871): Tymon\\JWTAuth\\Providers\\AbstractServiceProvider->Tymon\\JWTAuth\\Providers\\{closure}()
#25 C:\\Users\\HES\\Documents\\LAU\\Fall 2022\\Web Programming\\Final Project\\Backend\\vendor\\laravel\\framework\\src\\Illuminate\\Container\\Container.php(756): Illuminate\\Container\\Container->build()
#26 C:\\Users\\HES\\Documents\\LAU\\Fall 2022\\Web Programming\\Final Project\\Backend\\vendor\\laravel\\framework\\src\\Illuminate\\Foundation\\Application.php(860): Illuminate\\Container\\Container->resolve()
#27 C:\\Users\\HES\\Documents\\LAU\\Fall 2022\\Web Programming\\Final Project\\Backend\\vendor\\laravel\\framework\\src\\Illuminate\\Container\\Container.php(692): Illuminate\\Foundation\\Application->resolve()
#28 C:\\Users\\HES\\Documents\\LAU\\Fall 2022\\Web Programming\\Final Project\\Backend\\vendor\\laravel\\framework\\src\\Illuminate\\Foundation\\Application.php(845): Illuminate\\Container\\Container->make()
#29 C:\\Users\\HES\\Documents\\LAU\\Fall 2022\\Web Programming\\Final Project\\Backend\\vendor\\laravel\\framework\\src\\Illuminate\\Container\\Container.php(1419): Illuminate\\Foundation\\Application->make()
#30 C:\\Users\\HES\\Documents\\LAU\\Fall 2022\\Web Programming\\Final Project\\Backend\\vendor\\tymon\\jwt-auth\\src\\Providers\\AbstractServiceProvider.php(96): Illuminate\\Container\\Container->offsetGet()
#31 C:\\Users\\HES\\Documents\\LAU\\Fall 2022\\Web Programming\\Final Project\\Backend\\vendor\\laravel\\framework\\src\\Illuminate\\Auth\\AuthManager.php(109): Tymon\\JWTAuth\\Providers\\AbstractServiceProvider->Tymon\\JWTAuth\\Providers\\{closure}()
#32 C:\\Users\\HES\\Documents\\LAU\\Fall 2022\\Web Programming\\Final Project\\Backend\\vendor\\laravel\\framework\\src\\Illuminate\\Auth\\AuthManager.php(86): Illuminate\\Auth\\AuthManager->callCustomCreator()
#33 C:\\Users\\HES\\Documents\\LAU\\Fall 2022\\Web Programming\\Final Project\\Backend\\vendor\\laravel\\framework\\src\\Illuminate\\Auth\\AuthManager.php(66): Illuminate\\Auth\\AuthManager->resolve()
#34 C:\\Users\\HES\\Documents\\LAU\\Fall 2022\\Web Programming\\Final Project\\Backend\\vendor\\laravel\\framework\\src\\Illuminate\\Auth\\AuthManager.php(53): Illuminate\\Auth\\AuthManager->guard()
#35 [internal function]: Illuminate\\Auth\\AuthManager->Illuminate\\Auth\\{closure}()
#36 C:\\Users\\HES\\Documents\\LAU\\Fall 2022\\Web Programming\\Final Project\\Backend\\vendor\\laravel\\framework\\src\\Illuminate\\Auth\\AuthServiceProvider.php(89): call_user_func()
#37 [internal function]: Illuminate\\Auth\\AuthServiceProvider->Illuminate\\Auth\\{closure}()
#38 C:\\Users\\HES\\Documents\\LAU\\Fall 2022\\Web Programming\\Final Project\\Backend\\vendor\\laravel\\framework\\src\\Illuminate\\Http\\Request.php(606): call_user_func()
#39 C:\\Users\\HES\\Documents\\LAU\\Fall 2022\\Web Programming\\Final Project\\Backend\\app\\Providers\\RouteServiceProvider.php(49): Illuminate\\Http\\Request->user()
#40 C:\\Users\\HES\\Documents\\LAU\\Fall 2022\\Web Programming\\Final Project\\Backend\\vendor\\laravel\\framework\\src\\Illuminate\\Routing\\Middleware\\ThrottleRequests.php(84): App\\Providers\\RouteServiceProvider->App\\Providers\\{closure}()
#41 C:\\Users\\HES\\Documents\\LAU\\Fall 2022\\Web Programming\\Final Project\\Backend\\vendor\\laravel\\framework\\src\\Illuminate\\Routing\\Middleware\\ThrottleRequests.php(54): Illuminate\\Routing\\Middleware\\ThrottleRequests->handleRequestUsingNamedLimiter()
#42 C:\\Users\\HES\\Documents\\LAU\\Fall 2022\\Web Programming\\Final Project\\Backend\\vendor\\laravel\\framework\\src\\Illuminate\\Pipeline\\Pipeline.php(180): Illuminate\\Routing\\Middleware\\ThrottleRequests->handle()
#43 C:\\Users\\HES\\Documents\\LAU\\Fall 2022\\Web Programming\\Final Project\\Backend\\vendor\\laravel\\framework\\src\\Illuminate\\Pipeline\\Pipeline.php(116): Illuminate\\Pipeline\\Pipeline->Illuminate\\Pipeline\\{closure}()
#44 C:\\Users\\HES\\Documents\\LAU\\Fall 2022\\Web Programming\\Final Project\\Backend\\vendor\\laravel\\framework\\src\\Illuminate\\Routing\\Router.php(799): Illuminate\\Pipeline\\Pipeline->then()
#45 C:\\Users\\HES\\Documents\\LAU\\Fall 2022\\Web Programming\\Final Project\\Backend\\vendor\\laravel\\framework\\src\\Illuminate\\Routing\\Router.php(776): Illuminate\\Routing\\Router->runRouteWithinStack()
#46 C:\\Users\\HES\\Documents\\LAU\\Fall 2022\\Web Programming\\Final Project\\Backend\\vendor\\laravel\\framework\\src\\Illuminate\\Routing\\Router.php(740): Illuminate\\Routing\\Router->runRoute()
#47 C:\\Users\\HES\\Documents\\LAU\\Fall 2022\\Web Programming\\Final Project\\Backend\\vendor\\laravel\\framework\\src\\Illuminate\\Routing\\Router.php(729): Illuminate\\Routing\\Router->dispatchToRoute()
#48 C:\\Users\\HES\\Documents\\LAU\\Fall 2022\\Web Programming\\Final Project\\Backend\\vendor\\laravel\\framework\\src\\Illuminate\\Foundation\\Http\\Kernel.php(190): Illuminate\\Routing\\Router->dispatch()
#49 C:\\Users\\HES\\Documents\\LAU\\Fall 2022\\Web Programming\\Final Project\\Backend\\vendor\\laravel\\framework\\src\\Illuminate\\Pipeline\\Pipeline.php(141): Illuminate\\Foundation\\Http\\Kernel->Illuminate\\Foundation\\Http\\{closure}()
#50 C:\\Users\\HES\\Documents\\LAU\\Fall 2022\\Web Programming\\Final Project\\Backend\\vendor\\laravel\\framework\\src\\Illuminate\\Foundation\\Http\\Middleware\\TransformsRequest.php(21): Illuminate\\Pipeline\\Pipeline->Illuminate\\Pipeline\\{closure}()
#51 C:\\Users\\HES\\Documents\\LAU\\Fall 2022\\Web Programming\\Final Project\\Backend\\vendor\\laravel\\framework\\src\\Illuminate\\Foundation\\Http\\Middleware\\ConvertEmptyStringsToNull.php(31): Illuminate\\Foundation\\Http\\Middleware\\TransformsRequest->handle()
#52 C:\\Users\\HES\\Documents\\LAU\\Fall 2022\\Web Programming\\Final Project\\Backend\\vendor\\laravel\\framework\\src\\Illuminate\\Pipeline\\Pipeline.php(180): Illuminate\\Foundation\\Http\\Middleware\\ConvertEmptyStringsToNull->handle()
#53 C:\\Users\\HES\\Documents\\LAU\\Fall 2022\\Web Programming\\Final Project\\Backend\\vendor\\laravel\\framework\\src\\Illuminate\\Foundation\\Http\\Middleware\\TransformsRequest.php(21): Illuminate\\Pipeline\\Pipeline->Illuminate\\Pipeline\\{closure}()
#54 C:\\Users\\HES\\Documents\\LAU\\Fall 2022\\Web Programming\\Final Project\\Backend\\vendor\\laravel\\framework\\src\\Illuminate\\Foundation\\Http\\Middleware\\TrimStrings.php(40): Illuminate\\Foundation\\Http\\Middleware\\TransformsRequest->handle()
#55 C:\\Users\\HES\\Documents\\LAU\\Fall 2022\\Web Programming\\Final Project\\Backend\\vendor\\laravel\\framework\\src\\Illuminate\\Pipeline\\Pipeline.php(180): Illuminate\\Foundation\\Http\\Middleware\\TrimStrings->handle()
#56 C:\\Users\\HES\\Documents\\LAU\\Fall 2022\\Web Programming\\Final Project\\Backend\\vendor\\laravel\\framework\\src\\Illuminate\\Foundation\\Http\\Middleware\\ValidatePostSize.php(27): Illuminate\\Pipeline\\Pipeline->Illuminate\\Pipeline\\{closure}()
#57 C:\\Users\\HES\\Documents\\LAU\\Fall 2022\\Web Programming\\Final Project\\Backend\\vendor\\laravel\\framework\\src\\Illuminate\\Pipeline\\Pipeline.php(180): Illuminate\\Foundation\\Http\\Middleware\\ValidatePostSize->handle()
#58 C:\\Users\\HES\\Documents\\LAU\\Fall 2022\\Web Programming\\Final Project\\Backend\\vendor\\laravel\\framework\\src\\Illuminate\\Foundation\\Http\\Middleware\\PreventRequestsDuringMaintenance.php(86): Illuminate\\Pipeline\\Pipeline->Illuminate\\Pipeline\\{closure}()
#59 C:\\Users\\HES\\Documents\\LAU\\Fall 2022\\Web Programming\\Final Project\\Backend\\vendor\\laravel\\framework\\src\\Illuminate\\Pipeline\\Pipeline.php(180): Illuminate\\Foundation\\Http\\Middleware\\PreventRequestsDuringMaintenance->handle()
#60 C:\\Users\\HES\\Documents\\LAU\\Fall 2022\\Web Programming\\Final Project\\Backend\\vendor\\laravel\\framework\\src\\Illuminate\\Http\\Middleware\\HandleCors.php(62): Illuminate\\Pipeline\\Pipeline->Illuminate\\Pipeline\\{closure}()
#61 C:\\Users\\HES\\Documents\\LAU\\Fall 2022\\Web Programming\\Final Project\\Backend\\vendor\\laravel\\framework\\src\\Illuminate\\Pipeline\\Pipeline.php(180): Illuminate\\Http\\Middleware\\HandleCors->handle()
#62 C:\\Users\\HES\\Documents\\LAU\\Fall 2022\\Web Programming\\Final Project\\Backend\\vendor\\laravel\\framework\\src\\Illuminate\\Http\\Middleware\\TrustProxies.php(39): Illuminate\\Pipeline\\Pipeline->Illuminate\\Pipeline\\{closure}()
#63 C:\\Users\\HES\\Documents\\LAU\\Fall 2022\\Web Programming\\Final Project\\Backend\\vendor\\laravel\\framework\\src\\Illuminate\\Pipeline\\Pipeline.php(180): Illuminate\\Http\\Middleware\\TrustProxies->handle()
#64 C:\\Users\\HES\\Documents\\LAU\\Fall 2022\\Web Programming\\Final Project\\Backend\\vendor\\laravel\\framework\\src\\Illuminate\\Pipeline\\Pipeline.php(116): Illuminate\\Pipeline\\Pipeline->Illuminate\\Pipeline\\{closure}()
#65 C:\\Users\\HES\\Documents\\LAU\\Fall 2022\\Web Programming\\Final Project\\Backend\\vendor\\laravel\\framework\\src\\Illuminate\\Foundation\\Http\\Kernel.php(165): Illuminate\\Pipeline\\Pipeline->then()
#66 C:\\Users\\HES\\Documents\\LAU\\Fall 2022\\Web Programming\\Final Project\\Backend\\vendor\\laravel\\framework\\src\\Illuminate\\Foundation\\Http\\Kernel.php(134): Illuminate\\Foundation\\Http\\Kernel->sendRequestThroughRouter()
#67 C:\\Users\\HES\\Documents\\LAU\\Fall 2022\\Web Programming\\Final Project\\Backend\\public\\index.php(52): Illuminate\\Foundation\\Http\\Kernel->handle()
#68 C:\\Users\\HES\\Documents\\LAU\\Fall 2022\\Web Programming\\Final Project\\Backend\\vendor\\laravel\\framework\\src\\Illuminate\\Foundation\\resources\\server.php(16): require_once('...')
#69 {main}
"} 
[2022-12-15 06:46:20] local.ERROR: Secret is not set. {"exception":"[object] (Tymon\\JWTAuth\\Exceptions\\JWTException(code: 0): Secret is not set. at C:\\Users\\HES\\Documents\\LAU\\Fall 2022\\Web Programming\\Final Project\\Backend\\vendor\\tymon\\jwt-auth\\src\\Providers\\JWT\\Lcobucci.php:244)
[stacktrace]
#0 C:\\Users\\HES\\Documents\\LAU\\Fall 2022\\Web Programming\\Final Project\\Backend\\vendor\\tymon\\jwt-auth\\src\\Providers\\JWT\\Lcobucci.php(186): Tymon\\JWTAuth\\Providers\\JWT\\Lcobucci->getSigningKey()
#1 C:\\Users\\HES\\Documents\\LAU\\Fall 2022\\Web Programming\\Final Project\\Backend\\vendor\\tymon\\jwt-auth\\src\\Providers\\JWT\\Lcobucci.php(57): Tymon\\JWTAuth\\Providers\\JWT\\Lcobucci->buildConfig()
#2 C:\\Users\\HES\\Documents\\LAU\\Fall 2022\\Web Programming\\Final Project\\Backend\\vendor\\tymon\\jwt-auth\\src\\Providers\\AbstractServiceProvider.php(170): Tymon\\JWTAuth\\Providers\\JWT\\Lcobucci->__construct()
#3 C:\\Users\\HES\\Documents\\LAU\\Fall 2022\\Web Programming\\Final Project\\Backend\\vendor\\laravel\\framework\\src\\Illuminate\\Container\\Container.php(871): Tymon\\JWTAuth\\Providers\\AbstractServiceProvider->Tymon\\JWTAuth\\Providers\\{closure}()
#4 C:\\Users\\HES\\Documents\\LAU\\Fall 2022\\Web Programming\\Final Project\\Backend\\vendor\\laravel\\framework\\src\\Illuminate\\Container\\Container.php(756): Illuminate\\Container\\Container->build()
#5 C:\\Users\\HES\\Documents\\LAU\\Fall 2022\\Web Programming\\Final Project\\Backend\\vendor\\laravel\\framework\\src\\Illuminate\\Foundation\\Application.php(860): Illuminate\\Container\\Container->resolve()
#6 C:\\Users\\HES\\Documents\\LAU\\Fall 2022\\Web Programming\\Final Project\\Backend\\vendor\\laravel\\framework\\src\\Illuminate\\Container\\Container.php(692): Illuminate\\Foundation\\Application->resolve()
#7 C:\\Users\\HES\\Documents\\LAU\\Fall 2022\\Web Programming\\Final Project\\Backend\\vendor\\laravel\\framework\\src\\Illuminate\\Foundation\\Application.php(845): Illuminate\\Container\\Container->make()
#8 C:\\Users\\HES\\Documents\\LAU\\Fall 2022\\Web Programming\\Final Project\\Backend\\vendor\\tymon\\jwt-auth\\src\\Providers\\AbstractServiceProvider.php(367): Illuminate\\Foundation\\Application->make()
#9 C:\\Users\\HES\\Documents\\LAU\\Fall 2022\\Web Programming\\Final Project\\Backend\\vendor\\tymon\\jwt-auth\\src\\Providers\\AbstractServiceProvider.php(138): Tymon\\JWTAuth\\Providers\\AbstractServiceProvider->getConfigInstance()
#10 C:\\Users\\HES\\Documents\\LAU\\Fall 2022\\Web Programming\\Final Project\\Backend\\vendor\\laravel\\framework\\src\\Illuminate\\Container\\Container.php(871): Tymon\\JWTAuth\\Providers\\AbstractServiceProvider->Tymon\\JWTAuth\\Providers\\{closure}()
#11 C:\\Users\\HES\\Documents\\LAU\\Fall 2022\\Web Programming\\Final Project\\Backend\\vendor\\laravel\\framework\\src\\Illuminate\\Container\\Container.php(756): Illuminate\\Container\\Container->build()
#12 C:\\Users\\HES\\Documents\\LAU\\Fall 2022\\Web Programming\\Final Project\\Backend\\vendor\\laravel\\framework\\src\\Illuminate\\Foundation\\Application.php(860): Illuminate\\Container\\Container->resolve()
#13 C:\\Users\\HES\\Documents\\LAU\\Fall 2022\\Web Programming\\Final Project\\Backend\\vendor\\laravel\\framework\\src\\Illuminate\\Container\\Container.php(692): Illuminate\\Foundation\\Application->resolve()
#14 C:\\Users\\HES\\Documents\\LAU\\Fall 2022\\Web Programming\\Final Project\\Backend\\vendor\\laravel\\framework\\src\\Illuminate\\Foundation\\Application.php(845): Illuminate\\Container\\Container->make()
#15 C:\\Users\\HES\\Documents\\LAU\\Fall 2022\\Web Programming\\Final Project\\Backend\\vendor\\laravel\\framework\\src\\Illuminate\\Container\\Container.php(1419): Illuminate\\Foundation\\Application->make()
#16 C:\\Users\\HES\\Documents\\LAU\\Fall 2022\\Web Programming\\Final Project\\Backend\\vendor\\tymon\\jwt-auth\\src\\Providers\\AbstractServiceProvider.php(208): Illuminate\\Container\\Container->offsetGet()
#17 C:\\Users\\HES\\Documents\\LAU\\Fall 2022\\Web Programming\\Final Project\\Backend\\vendor\\laravel\\framework\\src\\Illuminate\\Container\\Container.php(871): Tymon\\JWTAuth\\Providers\\AbstractServiceProvider->Tymon\\JWTAuth\\Providers\\{closure}()
#18 C:\\Users\\HES\\Documents\\LAU\\Fall 2022\\Web Programming\\Final Project\\Backend\\vendor\\laravel\\framework\\src\\Illuminate\\Container\\Container.php(756): Illuminate\\Container\\Container->build()
#19 C:\\Users\\HES\\Documents\\LAU\\Fall 2022\\Web Programming\\Final Project\\Backend\\vendor\\laravel\\framework\\src\\Illuminate\\Foundation\\Application.php(860): Illuminate\\Container\\Container->resolve()
#20 C:\\Users\\HES\\Documents\\LAU\\Fall 2022\\Web Programming\\Final Project\\Backend\\vendor\\laravel\\framework\\src\\Illuminate\\Container\\Container.php(692): Illuminate\\Foundation\\Application->resolve()
#21 C:\\Users\\HES\\Documents\\LAU\\Fall 2022\\Web Programming\\Final Project\\Backend\\vendor\\laravel\\framework\\src\\Illuminate\\Foundation\\Application.php(845): Illuminate\\Container\\Container->make()
#22 C:\\Users\\HES\\Documents\\LAU\\Fall 2022\\Web Programming\\Final Project\\Backend\\vendor\\laravel\\framework\\src\\Illuminate\\Container\\Container.php(1419): Illuminate\\Foundation\\Application->make()
#23 C:\\Users\\HES\\Documents\\LAU\\Fall 2022\\Web Programming\\Final Project\\Backend\\vendor\\tymon\\jwt-auth\\src\\Providers\\AbstractServiceProvider.php(250): Illuminate\\Container\\Container->offsetGet()
#24 C:\\Users\\HES\\Documents\\LAU\\Fall 2022\\Web Programming\\Final Project\\Backend\\vendor\\laravel\\framework\\src\\Illuminate\\Container\\Container.php(871): Tymon\\JWTAuth\\Providers\\AbstractServiceProvider->Tymon\\JWTAuth\\Providers\\{closure}()
#25 C:\\Users\\HES\\Documents\\LAU\\Fall 2022\\Web Programming\\Final Project\\Backend\\vendor\\laravel\\framework\\src\\Illuminate\\Container\\Container.php(756): Illuminate\\Container\\Container->build()
#26 C:\\Users\\HES\\Documents\\LAU\\Fall 2022\\Web Programming\\Final Project\\Backend\\vendor\\laravel\\framework\\src\\Illuminate\\Foundation\\Application.php(860): Illuminate\\Container\\Container->resolve()
#27 C:\\Users\\HES\\Documents\\LAU\\Fall 2022\\Web Programming\\Final Project\\Backend\\vendor\\laravel\\framework\\src\\Illuminate\\Container\\Container.php(692): Illuminate\\Foundation\\Application->resolve()
#28 C:\\Users\\HES\\Documents\\LAU\\Fall 2022\\Web Programming\\Final Project\\Backend\\vendor\\laravel\\framework\\src\\Illuminate\\Foundation\\Application.php(845): Illuminate\\Container\\Container->make()
#29 C:\\Users\\HES\\Documents\\LAU\\Fall 2022\\Web Programming\\Final Project\\Backend\\vendor\\laravel\\framework\\src\\Illuminate\\Container\\Container.php(1419): Illuminate\\Foundation\\Application->make()
#30 C:\\Users\\HES\\Documents\\LAU\\Fall 2022\\Web Programming\\Final Project\\Backend\\vendor\\tymon\\jwt-auth\\src\\Providers\\AbstractServiceProvider.php(96): Illuminate\\Container\\Container->offsetGet()
#31 C:\\Users\\HES\\Documents\\LAU\\Fall 2022\\Web Programming\\Final Project\\Backend\\vendor\\laravel\\framework\\src\\Illuminate\\Auth\\AuthManager.php(109): Tymon\\JWTAuth\\Providers\\AbstractServiceProvider->Tymon\\JWTAuth\\Providers\\{closure}()
#32 C:\\Users\\HES\\Documents\\LAU\\Fall 2022\\Web Programming\\Final Project\\Backend\\vendor\\laravel\\framework\\src\\Illuminate\\Auth\\AuthManager.php(86): Illuminate\\Auth\\AuthManager->callCustomCreator()
#33 C:\\Users\\HES\\Documents\\LAU\\Fall 2022\\Web Programming\\Final Project\\Backend\\vendor\\laravel\\framework\\src\\Illuminate\\Auth\\AuthManager.php(66): Illuminate\\Auth\\AuthManager->resolve()
#34 C:\\Users\\HES\\Documents\\LAU\\Fall 2022\\Web Programming\\Final Project\\Backend\\vendor\\laravel\\framework\\src\\Illuminate\\Auth\\AuthManager.php(53): Illuminate\\Auth\\AuthManager->guard()
#35 [internal function]: Illuminate\\Auth\\AuthManager->Illuminate\\Auth\\{closure}()
#36 C:\\Users\\HES\\Documents\\LAU\\Fall 2022\\Web Programming\\Final Project\\Backend\\vendor\\laravel\\framework\\src\\Illuminate\\Auth\\AuthServiceProvider.php(89): call_user_func()
#37 [internal function]: Illuminate\\Auth\\AuthServiceProvider->Illuminate\\Auth\\{closure}()
#38 C:\\Users\\HES\\Documents\\LAU\\Fall 2022\\Web Programming\\Final Project\\Backend\\vendor\\laravel\\framework\\src\\Illuminate\\Http\\Request.php(606): call_user_func()
#39 C:\\Users\\HES\\Documents\\LAU\\Fall 2022\\Web Programming\\Final Project\\Backend\\app\\Providers\\RouteServiceProvider.php(49): Illuminate\\Http\\Request->user()
#40 C:\\Users\\HES\\Documents\\LAU\\Fall 2022\\Web Programming\\Final Project\\Backend\\vendor\\laravel\\framework\\src\\Illuminate\\Routing\\Middleware\\ThrottleRequests.php(84): App\\Providers\\RouteServiceProvider->App\\Providers\\{closure}()
#41 C:\\Users\\HES\\Documents\\LAU\\Fall 2022\\Web Programming\\Final Project\\Backend\\vendor\\laravel\\framework\\src\\Illuminate\\Routing\\Middleware\\ThrottleRequests.php(54): Illuminate\\Routing\\Middleware\\ThrottleRequests->handleRequestUsingNamedLimiter()
#42 C:\\Users\\HES\\Documents\\LAU\\Fall 2022\\Web Programming\\Final Project\\Backend\\vendor\\laravel\\framework\\src\\Illuminate\\Pipeline\\Pipeline.php(180): Illuminate\\Routing\\Middleware\\ThrottleRequests->handle()
#43 C:\\Users\\HES\\Documents\\LAU\\Fall 2022\\Web Programming\\Final Project\\Backend\\vendor\\laravel\\framework\\src\\Illuminate\\Pipeline\\Pipeline.php(116): Illuminate\\Pipeline\\Pipeline->Illuminate\\Pipeline\\{closure}()
#44 C:\\Users\\HES\\Documents\\LAU\\Fall 2022\\Web Programming\\Final Project\\Backend\\vendor\\laravel\\framework\\src\\Illuminate\\Routing\\Router.php(799): Illuminate\\Pipeline\\Pipeline->then()
#45 C:\\Users\\HES\\Documents\\LAU\\Fall 2022\\Web Programming\\Final Project\\Backend\\vendor\\laravel\\framework\\src\\Illuminate\\Routing\\Router.php(776): Illuminate\\Routing\\Router->runRouteWithinStack()
#46 C:\\Users\\HES\\Documents\\LAU\\Fall 2022\\Web Programming\\Final Project\\Backend\\vendor\\laravel\\framework\\src\\Illuminate\\Routing\\Router.php(740): Illuminate\\Routing\\Router->runRoute()
#47 C:\\Users\\HES\\Documents\\LAU\\Fall 2022\\Web Programming\\Final Project\\Backend\\vendor\\laravel\\framework\\src\\Illuminate\\Routing\\Router.php(729): Illuminate\\Routing\\Router->dispatchToRoute()
#48 C:\\Users\\HES\\Documents\\LAU\\Fall 2022\\Web Programming\\Final Project\\Backend\\vendor\\laravel\\framework\\src\\Illuminate\\Foundation\\Http\\Kernel.php(190): Illuminate\\Routing\\Router->dispatch()
#49 C:\\Users\\HES\\Documents\\LAU\\Fall 2022\\Web Programming\\Final Project\\Backend\\vendor\\laravel\\framework\\src\\Illuminate\\Pipeline\\Pipeline.php(141): Illuminate\\Foundation\\Http\\Kernel->Illuminate\\Foundation\\Http\\{closure}()
#50 C:\\Users\\HES\\Documents\\LAU\\Fall 2022\\Web Programming\\Final Project\\Backend\\vendor\\laravel\\framework\\src\\Illuminate\\Foundation\\Http\\Middleware\\TransformsRequest.php(21): Illuminate\\Pipeline\\Pipeline->Illuminate\\Pipeline\\{closure}()
#51 C:\\Users\\HES\\Documents\\LAU\\Fall 2022\\Web Programming\\Final Project\\Backend\\vendor\\laravel\\framework\\src\\Illuminate\\Foundation\\Http\\Middleware\\ConvertEmptyStringsToNull.php(31): Illuminate\\Foundation\\Http\\Middleware\\TransformsRequest->handle()
#52 C:\\Users\\HES\\Documents\\LAU\\Fall 2022\\Web Programming\\Final Project\\Backend\\vendor\\laravel\\framework\\src\\Illuminate\\Pipeline\\Pipeline.php(180): Illuminate\\Foundation\\Http\\Middleware\\ConvertEmptyStringsToNull->handle()
#53 C:\\Users\\HES\\Documents\\LAU\\Fall 2022\\Web Programming\\Final Project\\Backend\\vendor\\laravel\\framework\\src\\Illuminate\\Foundation\\Http\\Middleware\\TransformsRequest.php(21): Illuminate\\Pipeline\\Pipeline->Illuminate\\Pipeline\\{closure}()
#54 C:\\Users\\HES\\Documents\\LAU\\Fall 2022\\Web Programming\\Final Project\\Backend\\vendor\\laravel\\framework\\src\\Illuminate\\Foundation\\Http\\Middleware\\TrimStrings.php(40): Illuminate\\Foundation\\Http\\Middleware\\TransformsRequest->handle()
#55 C:\\Users\\HES\\Documents\\LAU\\Fall 2022\\Web Programming\\Final Project\\Backend\\vendor\\laravel\\framework\\src\\Illuminate\\Pipeline\\Pipeline.php(180): Illuminate\\Foundation\\Http\\Middleware\\TrimStrings->handle()
#56 C:\\Users\\HES\\Documents\\LAU\\Fall 2022\\Web Programming\\Final Project\\Backend\\vendor\\laravel\\framework\\src\\Illuminate\\Foundation\\Http\\Middleware\\ValidatePostSize.php(27): Illuminate\\Pipeline\\Pipeline->Illuminate\\Pipeline\\{closure}()
#57 C:\\Users\\HES\\Documents\\LAU\\Fall 2022\\Web Programming\\Final Project\\Backend\\vendor\\laravel\\framework\\src\\Illuminate\\Pipeline\\Pipeline.php(180): Illuminate\\Foundation\\Http\\Middleware\\ValidatePostSize->handle()
#58 C:\\Users\\HES\\Documents\\LAU\\Fall 2022\\Web Programming\\Final Project\\Backend\\vendor\\laravel\\framework\\src\\Illuminate\\Foundation\\Http\\Middleware\\PreventRequestsDuringMaintenance.php(86): Illuminate\\Pipeline\\Pipeline->Illuminate\\Pipeline\\{closure}()
#59 C:\\Users\\HES\\Documents\\LAU\\Fall 2022\\Web Programming\\Final Project\\Backend\\vendor\\laravel\\framework\\src\\Illuminate\\Pipeline\\Pipeline.php(180): Illuminate\\Foundation\\Http\\Middleware\\PreventRequestsDuringMaintenance->handle()
#60 C:\\Users\\HES\\Documents\\LAU\\Fall 2022\\Web Programming\\Final Project\\Backend\\vendor\\laravel\\framework\\src\\Illuminate\\Http\\Middleware\\HandleCors.php(62): Illuminate\\Pipeline\\Pipeline->Illuminate\\Pipeline\\{closure}()
#61 C:\\Users\\HES\\Documents\\LAU\\Fall 2022\\Web Programming\\Final Project\\Backend\\vendor\\laravel\\framework\\src\\Illuminate\\Pipeline\\Pipeline.php(180): Illuminate\\Http\\Middleware\\HandleCors->handle()
#62 C:\\Users\\HES\\Documents\\LAU\\Fall 2022\\Web Programming\\Final Project\\Backend\\vendor\\laravel\\framework\\src\\Illuminate\\Http\\Middleware\\TrustProxies.php(39): Illuminate\\Pipeline\\Pipeline->Illuminate\\Pipeline\\{closure}()
#63 C:\\Users\\HES\\Documents\\LAU\\Fall 2022\\Web Programming\\Final Project\\Backend\\vendor\\laravel\\framework\\src\\Illuminate\\Pipeline\\Pipeline.php(180): Illuminate\\Http\\Middleware\\TrustProxies->handle()
#64 C:\\Users\\HES\\Documents\\LAU\\Fall 2022\\Web Programming\\Final Project\\Backend\\vendor\\laravel\\framework\\src\\Illuminate\\Pipeline\\Pipeline.php(116): Illuminate\\Pipeline\\Pipeline->Illuminate\\Pipeline\\{closure}()
#65 C:\\Users\\HES\\Documents\\LAU\\Fall 2022\\Web Programming\\Final Project\\Backend\\vendor\\laravel\\framework\\src\\Illuminate\\Foundation\\Http\\Kernel.php(165): Illuminate\\Pipeline\\Pipeline->then()
#66 C:\\Users\\HES\\Documents\\LAU\\Fall 2022\\Web Programming\\Final Project\\Backend\\vendor\\laravel\\framework\\src\\Illuminate\\Foundation\\Http\\Kernel.php(134): Illuminate\\Foundation\\Http\\Kernel->sendRequestThroughRouter()
#67 C:\\Users\\HES\\Documents\\LAU\\Fall 2022\\Web Programming\\Final Project\\Backend\\public\\index.php(52): Illuminate\\Foundation\\Http\\Kernel->handle()
#68 C:\\Users\\HES\\Documents\\LAU\\Fall 2022\\Web Programming\\Final Project\\Backend\\vendor\\laravel\\framework\\src\\Illuminate\\Foundation\\resources\\server.php(16): require_once('...')
#69 {main}
"} 
